mode: set
networking/pkg/udp/create_and_parse.go:22.121,25.43 2 0
networking/pkg/udp/create_and_parse.go:25.43,27.3 1 0
networking/pkg/udp/create_and_parse.go:29.2,29.53 1 0
networking/pkg/udp/create_and_parse.go:29.53,34.3 3 0
networking/pkg/udp/create_and_parse.go:36.2,36.17 1 0
networking/pkg/udp/create_and_parse.go:36.17,41.3 3 0
networking/pkg/udp/create_and_parse.go:43.2,43.21 1 0
networking/pkg/udp/create_and_parse.go:43.21,48.3 3 0
networking/pkg/udp/create_and_parse.go:50.2,59.8 3 0
networking/pkg/udp/create_and_parse.go:63.71,66.28 2 1
networking/pkg/udp/create_and_parse.go:66.28,71.3 3 1
networking/pkg/udp/create_and_parse.go:73.2,73.22 1 1
networking/pkg/udp/create_and_parse.go:73.22,78.3 3 1
networking/pkg/udp/create_and_parse.go:80.2,80.23 1 1
networking/pkg/udp/create_and_parse.go:80.23,82.3 1 1
networking/pkg/udp/create_and_parse.go:84.2,96.20 8 1
networking/pkg/udp/create_and_parse.go:100.74,108.30 6 1
networking/pkg/udp/create_and_parse.go:108.30,113.3 3 1
networking/pkg/udp/create_and_parse.go:115.2,115.19 1 1
networking/pkg/udp/create_and_parse.go:115.19,117.3 1 1
networking/pkg/udp/create_and_parse.go:119.2,119.21 1 1
networking/pkg/udp/create_and_parse.go:119.21,121.3 1 1
networking/pkg/udp/create_and_parse.go:123.2,123.26 1 1
networking/pkg/udp/create_and_parse.go:123.26,128.3 3 1
networking/pkg/udp/create_and_parse.go:130.2,136.8 1 1
networking/pkg/udp/create_and_parse.go:139.44,140.14 1 1
networking/pkg/udp/create_and_parse.go:140.14,142.3 1 0
networking/pkg/udp/create_and_parse.go:144.2,150.112 6 1
networking/pkg/udp/udp.go:5.14,7.2 1 0
